<?xml version="1.0" encoding="UTF-8"?>
<!-- Generated by org.testng.reporters.JUnitReportReporter -->
<testsuite hostname="beeafcabeefcebbdecffdbebeccaae-0" failures="0" tests="3" name="runner.Testcase1" time="21.873" errors="0" timestamp="2023-09-15T07:48:28 UTC" skipped="0">
  <testcase classname="runner.Testcase1" name="Register" time="9.590"/>
  <testcase classname="runner.Testcase1" name="Valid_Login_TC" time="5.072"/>
  <testcase classname="runner.Testcase1" name="TC_Vote_003" time="7.211"/>
</testsuite> <!-- runner.Testcase1 -->
